Determining if the pthread_create exist failed with the following output:
Change Dir: /home/workspace/RoboND-DeepRL-Project/build/CMakeFiles/CMakeTmp

Run Build Command:"/usr/bin/make" "cmTC_73594/fast"
/usr/bin/make -f CMakeFiles/cmTC_73594.dir/build.make CMakeFiles/cmTC_73594.dir/build
make[1]: Entering directory '/home/workspace/RoboND-DeepRL-Project/build/CMakeFiles/CMakeTmp'
Building C object CMakeFiles/cmTC_73594.dir/CheckSymbolExists.c.o
/usr/bin/cc    -fPIC    -o CMakeFiles/cmTC_73594.dir/CheckSymbolExists.c.o   -c /home/workspace/RoboND-DeepRL-Project/build/CMakeFiles/CMakeTmp/CheckSymbolExists.c
Linking C executable cmTC_73594
/usr/bin/cmake -E cmake_link_script CMakeFiles/cmTC_73594.dir/link.txt --verbose=1
/usr/bin/cc  -fPIC     CMakeFiles/cmTC_73594.dir/CheckSymbolExists.c.o  -o cmTC_73594 -rdynamic 
CMakeFiles/cmTC_73594.dir/CheckSymbolExists.c.o: In function `main':
CheckSymbolExists.c:(.text+0x1b): undefined reference to `pthread_create'
collect2: error: ld returned 1 exit status
CMakeFiles/cmTC_73594.dir/build.make:97: recipe for target 'cmTC_73594' failed
make[1]: *** [cmTC_73594] Error 1
make[1]: Leaving directory '/home/workspace/RoboND-DeepRL-Project/build/CMakeFiles/CMakeTmp'
Makefile:126: recipe for target 'cmTC_73594/fast' failed
make: *** [cmTC_73594/fast] Error 2

File /home/workspace/RoboND-DeepRL-Project/build/CMakeFiles/CMakeTmp/CheckSymbolExists.c:
/* */
#include <pthread.h>

int main(int argc, char** argv)
{
  (void)argv;
#ifndef pthread_create
  return ((int*)(&pthread_create))[argc];
#else
  (void)argc;
  return 0;
#endif
}

Determining if the function pthread_create exists in the pthreads failed with the following output:
Change Dir: /home/workspace/RoboND-DeepRL-Project/build/CMakeFiles/CMakeTmp

Run Build Command:"/usr/bin/make" "cmTC_a6af8/fast"
/usr/bin/make -f CMakeFiles/cmTC_a6af8.dir/build.make CMakeFiles/cmTC_a6af8.dir/build
make[1]: Entering directory '/home/workspace/RoboND-DeepRL-Project/build/CMakeFiles/CMakeTmp'
Building C object CMakeFiles/cmTC_a6af8.dir/CheckFunctionExists.c.o
/usr/bin/cc    -fPIC -DCHECK_FUNCTION_EXISTS=pthread_create   -o CMakeFiles/cmTC_a6af8.dir/CheckFunctionExists.c.o   -c /usr/share/cmake-3.5/Modules/CheckFunctionExists.c
Linking C executable cmTC_a6af8
/usr/bin/cmake -E cmake_link_script CMakeFiles/cmTC_a6af8.dir/link.txt --verbose=1
/usr/bin/cc  -fPIC -DCHECK_FUNCTION_EXISTS=pthread_create    CMakeFiles/cmTC_a6af8.dir/CheckFunctionExists.c.o  -o cmTC_a6af8 -rdynamic -lpthreads 
/usr/bin/ld: cannot find -lpthreads
collect2: error: ld returned 1 exit status
CMakeFiles/cmTC_a6af8.dir/build.make:97: recipe for target 'cmTC_a6af8' failed
make[1]: *** [cmTC_a6af8] Error 1
make[1]: Leaving directory '/home/workspace/RoboND-DeepRL-Project/build/CMakeFiles/CMakeTmp'
Makefile:126: recipe for target 'cmTC_a6af8/fast' failed
make: *** [cmTC_a6af8/fast] Error 2


Determining if the Q_WS_WIN exist failed with the following output:
Change Dir: /home/workspace/RoboND-DeepRL-Project/build/CMakeFiles/CMakeTmp

Run Build Command:"/usr/bin/make" "cmTC_eb4f7/fast"
/usr/bin/make -f CMakeFiles/cmTC_eb4f7.dir/build.make CMakeFiles/cmTC_eb4f7.dir/build
make[1]: Entering directory '/home/workspace/RoboND-DeepRL-Project/build/CMakeFiles/CMakeTmp'
Building CXX object CMakeFiles/cmTC_eb4f7.dir/CheckSymbolExists.cxx.o
/usr/bin/c++    -I/usr/include/qt4  -std=c++11    -o CMakeFiles/cmTC_eb4f7.dir/CheckSymbolExists.cxx.o -c /home/workspace/RoboND-DeepRL-Project/build/CMakeFiles/CMakeTmp/CheckSymbolExists.cxx
/home/workspace/RoboND-DeepRL-Project/build/CMakeFiles/CMakeTmp/CheckSymbolExists.cxx: In function 'int main(int, char**)':
/home/workspace/RoboND-DeepRL-Project/build/CMakeFiles/CMakeTmp/CheckSymbolExists.cxx:8:19: error: 'Q_WS_WIN' was not declared in this scope
   return ((int*)(&Q_WS_WIN))[argc];
                   ^
CMakeFiles/cmTC_eb4f7.dir/build.make:65: recipe for target 'CMakeFiles/cmTC_eb4f7.dir/CheckSymbolExists.cxx.o' failed
make[1]: *** [CMakeFiles/cmTC_eb4f7.dir/CheckSymbolExists.cxx.o] Error 1
make[1]: Leaving directory '/home/workspace/RoboND-DeepRL-Project/build/CMakeFiles/CMakeTmp'
Makefile:126: recipe for target 'cmTC_eb4f7/fast' failed
make: *** [cmTC_eb4f7/fast] Error 2

File /home/workspace/RoboND-DeepRL-Project/build/CMakeFiles/CMakeTmp/CheckSymbolExists.cxx:
/* */
#include <QtCore/qglobal.h>

int main(int argc, char** argv)
{
  (void)argv;
#ifndef Q_WS_WIN
  return ((int*)(&Q_WS_WIN))[argc];
#else
  (void)argc;
  return 0;
#endif
}

Determining if the Q_WS_QWS exist failed with the following output:
Change Dir: /home/workspace/RoboND-DeepRL-Project/build/CMakeFiles/CMakeTmp

Run Build Command:"/usr/bin/make" "cmTC_76f03/fast"
/usr/bin/make -f CMakeFiles/cmTC_76f03.dir/build.make CMakeFiles/cmTC_76f03.dir/build
make[1]: Entering directory '/home/workspace/RoboND-DeepRL-Project/build/CMakeFiles/CMakeTmp'
Building CXX object CMakeFiles/cmTC_76f03.dir/CheckSymbolExists.cxx.o
/usr/bin/c++    -I/usr/include/qt4  -std=c++11    -o CMakeFiles/cmTC_76f03.dir/CheckSymbolExists.cxx.o -c /home/workspace/RoboND-DeepRL-Project/build/CMakeFiles/CMakeTmp/CheckSymbolExists.cxx
/home/workspace/RoboND-DeepRL-Project/build/CMakeFiles/CMakeTmp/CheckSymbolExists.cxx: In function 'int main(int, char**)':
/home/workspace/RoboND-DeepRL-Project/build/CMakeFiles/CMakeTmp/CheckSymbolExists.cxx:8:19: error: 'Q_WS_QWS' was not declared in this scope
   return ((int*)(&Q_WS_QWS))[argc];
                   ^
CMakeFiles/cmTC_76f03.dir/build.make:65: recipe for target 'CMakeFiles/cmTC_76f03.dir/CheckSymbolExists.cxx.o' failed
make[1]: *** [CMakeFiles/cmTC_76f03.dir/CheckSymbolExists.cxx.o] Error 1
make[1]: Leaving directory '/home/workspace/RoboND-DeepRL-Project/build/CMakeFiles/CMakeTmp'
Makefile:126: recipe for target 'cmTC_76f03/fast' failed
make: *** [cmTC_76f03/fast] Error 2

File /home/workspace/RoboND-DeepRL-Project/build/CMakeFiles/CMakeTmp/CheckSymbolExists.cxx:
/* */
#include <QtCore/qglobal.h>

int main(int argc, char** argv)
{
  (void)argv;
#ifndef Q_WS_QWS
  return ((int*)(&Q_WS_QWS))[argc];
#else
  (void)argc;
  return 0;
#endif
}

Determining if the Q_WS_MAC exist failed with the following output:
Change Dir: /home/workspace/RoboND-DeepRL-Project/build/CMakeFiles/CMakeTmp

Run Build Command:"/usr/bin/make" "cmTC_b0f16/fast"
/usr/bin/make -f CMakeFiles/cmTC_b0f16.dir/build.make CMakeFiles/cmTC_b0f16.dir/build
make[1]: Entering directory '/home/workspace/RoboND-DeepRL-Project/build/CMakeFiles/CMakeTmp'
Building CXX object CMakeFiles/cmTC_b0f16.dir/CheckSymbolExists.cxx.o
/usr/bin/c++    -I/usr/include/qt4  -std=c++11    -o CMakeFiles/cmTC_b0f16.dir/CheckSymbolExists.cxx.o -c /home/workspace/RoboND-DeepRL-Project/build/CMakeFiles/CMakeTmp/CheckSymbolExists.cxx
/home/workspace/RoboND-DeepRL-Project/build/CMakeFiles/CMakeTmp/CheckSymbolExists.cxx: In function 'int main(int, char**)':
/home/workspace/RoboND-DeepRL-Project/build/CMakeFiles/CMakeTmp/CheckSymbolExists.cxx:8:19: error: 'Q_WS_MAC' was not declared in this scope
   return ((int*)(&Q_WS_MAC))[argc];
                   ^
CMakeFiles/cmTC_b0f16.dir/build.make:65: recipe for target 'CMakeFiles/cmTC_b0f16.dir/CheckSymbolExists.cxx.o' failed
make[1]: *** [CMakeFiles/cmTC_b0f16.dir/CheckSymbolExists.cxx.o] Error 1
make[1]: Leaving directory '/home/workspace/RoboND-DeepRL-Project/build/CMakeFiles/CMakeTmp'
Makefile:126: recipe for target 'cmTC_b0f16/fast' failed
make: *** [cmTC_b0f16/fast] Error 2

File /home/workspace/RoboND-DeepRL-Project/build/CMakeFiles/CMakeTmp/CheckSymbolExists.cxx:
/* */
#include <QtCore/qglobal.h>

int main(int argc, char** argv)
{
  (void)argv;
#ifndef Q_WS_MAC
  return ((int*)(&Q_WS_MAC))[argc];
#else
  (void)argc;
  return 0;
#endif
}

